This is pdfTeX, Version 3.141592653-2.6-1.40.25 (TeX Live 2023/Fedora 40) (preloaded format=latex 2024.11.11)  16 DEC 2024 17:43
entering extended mode
 restricted \write18 enabled.
 %&-line parsing enabled.
**_Einstellungen.tex
(./_Einstellungen.tex
LaTeX2e <2022-11-01> patch level 1
L3 programming layer <2023-02-22>)
*
! Interruption.
<*> 
    
? 
(Please type a command or say `\end')
*\end

*\end
! Missing \endcsname inserted.
<to be read again> 
                   \end/ 
<*> \end
        
? 
! TeX capacity exceeded, sorry [input stack size=10000].
\use_ii:nn #1#2->#2
                   
<*> \end
        
If you really absolutely need more capacity,
you can ask a wizard to enlarge me.

 
Here is how much of TeX's memory you used:
 33 strings out of 476035
 694 string characters out of 5792879
 1849385 words of memory out of 6000000
 20588 multiletter control sequences out of 15000+600000
 512287 words of font info for 32 fonts, out of 8000000 for 9000
 1137 hyphenation exceptions out of 8191
 10000i,0n,10001p,137b,10s stack positions out of 10000i,1000n,20000p,200000b,200000s
No pages of output.
